<?xml version="1.0" encoding="UTF-8"?>
<!-- Generated by org.testng.reporters.JUnitReportReporter -->
<testsuite hostname="DESKTOP-3RJO6BK" failures="0" tests="2" name="com.OrangeHRMWebAppTestCases.Ohrm_MutlipleUserCredentialsLogin_TestNg_PropFile" time="11.583" errors="0" timestamp="2023-10-07T15:27:05 IST" skipped="0">
  <testcase classname="com.OrangeHRMWebAppTestCases.Ohrm_MutlipleUserCredentialsLogin_TestNg_PropFile" name="orangeHrmWebApplicationLoginPage" time="1.340"/>
  <testcase classname="com.OrangeHRMWebAppTestCases.Ohrm_MutlipleUserCredentialsLogin_TestNg_PropFile" name="multiUserCredentialsLogin" time="10.243"/>
</testsuite> <!-- com.OrangeHRMWebAppTestCases.Ohrm_MutlipleUserCredentialsLogin_TestNg_PropFile -->
