<?xml version="1.0" encoding="UTF-8"?>
<!-- Generated by org.testng.reporters.JUnitReportReporter -->
<testsuite hostname="DESKTOP-3RJO6BK" failures="0" tests="3" name="com.OrangeHRMApplicationPagesTests.MultiUsersCredentials_OhrmLogin_Test" time="31.339" errors="0" timestamp="2023-10-10T16:13:08 IST" skipped="0">
  <testcase classname="com.OrangeHRMApplicationPagesTests.MultiUsersCredentials_OhrmLogin_Test" name="validatingLogInPanelTextTest" time="6.271"/>
  <testcase classname="com.OrangeHRMApplicationPagesTests.MultiUsersCredentials_OhrmLogin_Test" name="validatingOrangeHRMApplicationLogInPageLogoTest" time="6.705"/>
  <testcase classname="com.OrangeHRMApplicationPagesTests.MultiUsersCredentials_OhrmLogin_Test" name="orangeHRMApplicationLogInPage_logInTest" time="18.363"/>
</testsuite> <!-- com.OrangeHRMApplicationPagesTests.MultiUsersCredentials_OhrmLogin_Test -->
