<?xml version="1.0" encoding="UTF-8"?>
<!-- Generated by org.testng.reporters.JUnitReportReporter -->
<testsuite hostname="DESKTOP-3RJO6BK" failures="0" tests="11" name="com.OrangeHRMApplicationPagesTests.MultiUsersCredentials_OhrmLoginPage_Test" time="9.736" errors="0" timestamp="2023-10-11T09:38:10 IST" skipped="0">
  <testcase classname="com.OrangeHRMApplicationPagesTests.MultiUsersCredentials_OhrmLoginPage_Test" name="validatingLogInPanelTextTest" time="0.076"/>
  <testcase classname="com.OrangeHRMApplicationPagesTests.MultiUsersCredentials_OhrmLoginPage_Test" name="validatingOrangeHRMApplicationLogoTest" time="0.084"/>
  <testcase classname="com.OrangeHRMApplicationPagesTests.MultiUsersCredentials_OhrmLoginPage_Test" name="orangeHRMApplicationLogInPage_logInTest" time="6.559"/>
  <testcase classname="com.OrangeHRMApplicationPagesTests.MultiUsersCredentials_OhrmLoginPage_Test" name="orangeHRMApplicationHome_WelcomeAdminClick" time="0.240"/>
  <testcase classname="com.OrangeHRMApplicationPagesTests.MultiUsersCredentials_OhrmLoginPage_Test" name="orangeHRMApplicationLogOutTest" time="2.016"/>
  <testcase classname="com.OrangeHRMApplicationPagesTests.MultiUsersCredentials_OhrmLoginPage_Test" name="orangeHRMApplicationLoginPage_ComboBoxTest" time="0.145"/>
  <testcase classname="com.OrangeHRMApplicationPagesTests.MultiUsersCredentials_OhrmLoginPage_Test" name="orangeHRMApplication_FooterLoginButtonTest" time="0.152"/>
  <testcase classname="com.OrangeHRMApplicationPagesTests.MultiUsersCredentials_OhrmLoginPage_Test" name="orangeHRMApplication_FooterAlternativeLoginTextTest" time="0.060"/>
  <testcase classname="com.OrangeHRMApplicationPagesTests.MultiUsersCredentials_OhrmLoginPage_Test" name="orangeHRMApplication_FooterDiv2ElementsTest" time="0.058"/>
  <testcase classname="com.OrangeHRMApplicationPagesTests.MultiUsersCredentials_OhrmLoginPage_Test" name="orangeHRMApplicationOhrmIncLinkTest" time="0.115"/>
  <testcase classname="com.OrangeHRMApplicationPagesTests.MultiUsersCredentials_OhrmLoginPage_Test" name="orangeHRMApplicationSocialIconsTest" time="0.231"/>
</testsuite> <!-- com.OrangeHRMApplicationPagesTests.MultiUsersCredentials_OhrmLoginPage_Test -->
